ARM GAS  C:\Users\212596~1\AppData\Local\Temp\ccGF9ySd.s 			page 1


   1              		.syntax unified
   2              		.cpu cortex-m3
   3              		.fpu softvfp
   4              		.eabi_attribute 20, 1
   5              		.eabi_attribute 21, 1
   6              		.eabi_attribute 23, 3
   7              		.eabi_attribute 24, 1
   8              		.eabi_attribute 25, 1
   9              		.eabi_attribute 26, 1
  10              		.eabi_attribute 30, 6
  11              		.eabi_attribute 34, 1
  12              		.eabi_attribute 18, 4
  13              		.thumb
  14              		.syntax unified
  15              		.file	"AMux.c"
  16              		.text
  17              	.Ltext0:
  18              		.cfi_sections	.debug_frame
  19              		.data
  20              		.type	AMux_lastChannel, %object
  21              		.size	AMux_lastChannel, 1
  22              	AMux_lastChannel:
  23 0000 FF       		.byte	-1
  24              		.section	.text.AMux_Start,"ax",%progbits
  25              		.align	2
  26              		.global	AMux_Start
  27              		.thumb
  28              		.thumb_func
  29              		.type	AMux_Start, %function
  30              	AMux_Start:
  31              	.LFB0:
  32              		.file 1 "Generated_Source\\PSoC5\\AMux.c"
   1:Generated_Source\PSoC5/AMux.c **** /*******************************************************************************
   2:Generated_Source\PSoC5/AMux.c **** * File Name: AMux.c
   3:Generated_Source\PSoC5/AMux.c **** * Version 1.80
   4:Generated_Source\PSoC5/AMux.c **** *
   5:Generated_Source\PSoC5/AMux.c **** *  Description:
   6:Generated_Source\PSoC5/AMux.c **** *    This file contains all functions required for the analog multiplexer
   7:Generated_Source\PSoC5/AMux.c **** *    AMux User Module.
   8:Generated_Source\PSoC5/AMux.c **** *
   9:Generated_Source\PSoC5/AMux.c **** *   Note:
  10:Generated_Source\PSoC5/AMux.c **** *
  11:Generated_Source\PSoC5/AMux.c **** *******************************************************************************
  12:Generated_Source\PSoC5/AMux.c **** * Copyright 2008-2010, Cypress Semiconductor Corporation.  All rights reserved.
  13:Generated_Source\PSoC5/AMux.c **** * You may use this file only in accordance with the license, terms, conditions, 
  14:Generated_Source\PSoC5/AMux.c **** * disclaimers, and limitations in the end user license agreement accompanying 
  15:Generated_Source\PSoC5/AMux.c **** * the software package with which this file was provided.
  16:Generated_Source\PSoC5/AMux.c **** ********************************************************************************/
  17:Generated_Source\PSoC5/AMux.c **** 
  18:Generated_Source\PSoC5/AMux.c **** #include "AMux.h"
  19:Generated_Source\PSoC5/AMux.c **** 
  20:Generated_Source\PSoC5/AMux.c **** static uint8 AMux_lastChannel = AMux_NULL_CHANNEL;
  21:Generated_Source\PSoC5/AMux.c **** 
  22:Generated_Source\PSoC5/AMux.c **** 
  23:Generated_Source\PSoC5/AMux.c **** /*******************************************************************************
  24:Generated_Source\PSoC5/AMux.c **** * Function Name: AMux_Start
  25:Generated_Source\PSoC5/AMux.c **** ********************************************************************************
ARM GAS  C:\Users\212596~1\AppData\Local\Temp\ccGF9ySd.s 			page 2


  26:Generated_Source\PSoC5/AMux.c **** * Summary:
  27:Generated_Source\PSoC5/AMux.c **** *  Disconnect all channels.
  28:Generated_Source\PSoC5/AMux.c **** *
  29:Generated_Source\PSoC5/AMux.c **** * Parameters:
  30:Generated_Source\PSoC5/AMux.c **** *  void
  31:Generated_Source\PSoC5/AMux.c **** *
  32:Generated_Source\PSoC5/AMux.c **** * Return:
  33:Generated_Source\PSoC5/AMux.c **** *  void
  34:Generated_Source\PSoC5/AMux.c **** *
  35:Generated_Source\PSoC5/AMux.c **** *******************************************************************************/
  36:Generated_Source\PSoC5/AMux.c **** void AMux_Start(void) 
  37:Generated_Source\PSoC5/AMux.c **** {
  33              		.loc 1 37 0
  34              		.cfi_startproc
  35              		@ args = 0, pretend = 0, frame = 8
  36              		@ frame_needed = 1, uses_anonymous_args = 0
  37 0000 80B5     		push	{r7, lr}
  38              		.cfi_def_cfa_offset 8
  39              		.cfi_offset 7, -8
  40              		.cfi_offset 14, -4
  41 0002 82B0     		sub	sp, sp, #8
  42              		.cfi_def_cfa_offset 16
  43 0004 00AF     		add	r7, sp, #0
  44              		.cfi_def_cfa_register 7
  38:Generated_Source\PSoC5/AMux.c ****     uint8 chan;
  39:Generated_Source\PSoC5/AMux.c **** 
  40:Generated_Source\PSoC5/AMux.c ****     for(chan = 0u; chan < AMux_CHANNELS ; chan++)
  45              		.loc 1 40 0
  46 0006 0023     		movs	r3, #0
  47 0008 FB71     		strb	r3, [r7, #7]
  48 000a 0AE0     		b	.L2
  49              	.L3:
  41:Generated_Source\PSoC5/AMux.c ****     {
  42:Generated_Source\PSoC5/AMux.c **** #if (AMux_MUXTYPE == AMux_MUX_SINGLE)
  43:Generated_Source\PSoC5/AMux.c ****         AMux_Unset(chan);
  44:Generated_Source\PSoC5/AMux.c **** #else
  45:Generated_Source\PSoC5/AMux.c ****         AMux_CYAMUXSIDE_A_Unset(chan);
  50              		.loc 1 45 0 discriminator 3
  51 000c FB79     		ldrb	r3, [r7, #7]	@ zero_extendqisi2
  52 000e 1846     		mov	r0, r3
  53 0010 FFF7FEFF 		bl	AMux_CYAMUXSIDE_A_Unset
  46:Generated_Source\PSoC5/AMux.c ****         AMux_CYAMUXSIDE_B_Unset(chan);
  54              		.loc 1 46 0 discriminator 3
  55 0014 FB79     		ldrb	r3, [r7, #7]	@ zero_extendqisi2
  56 0016 1846     		mov	r0, r3
  57 0018 FFF7FEFF 		bl	AMux_CYAMUXSIDE_B_Unset
  40:Generated_Source\PSoC5/AMux.c ****     {
  58              		.loc 1 40 0 discriminator 3
  59 001c FB79     		ldrb	r3, [r7, #7]	@ zero_extendqisi2
  60 001e 0133     		adds	r3, r3, #1
  61 0020 FB71     		strb	r3, [r7, #7]
  62              	.L2:
  40:Generated_Source\PSoC5/AMux.c ****     {
  63              		.loc 1 40 0 is_stmt 0 discriminator 1
  64 0022 FB79     		ldrb	r3, [r7, #7]	@ zero_extendqisi2
  65 0024 012B     		cmp	r3, #1
  66 0026 F1D9     		bls	.L3
ARM GAS  C:\Users\212596~1\AppData\Local\Temp\ccGF9ySd.s 			page 3


  47:Generated_Source\PSoC5/AMux.c **** #endif
  48:Generated_Source\PSoC5/AMux.c ****     }
  49:Generated_Source\PSoC5/AMux.c **** 
  50:Generated_Source\PSoC5/AMux.c ****     AMux_lastChannel = AMux_NULL_CHANNEL;
  67              		.loc 1 50 0 is_stmt 1
  68 0028 034B     		ldr	r3, .L4
  69 002a FF22     		movs	r2, #255
  70 002c 1A70     		strb	r2, [r3]
  51:Generated_Source\PSoC5/AMux.c **** }
  71              		.loc 1 51 0
  72 002e 00BF     		nop
  73 0030 0837     		adds	r7, r7, #8
  74              		.cfi_def_cfa_offset 8
  75 0032 BD46     		mov	sp, r7
  76              		.cfi_def_cfa_register 13
  77              		@ sp needed
  78 0034 80BD     		pop	{r7, pc}
  79              	.L5:
  80 0036 00BF     		.align	2
  81              	.L4:
  82 0038 00000000 		.word	AMux_lastChannel
  83              		.cfi_endproc
  84              	.LFE0:
  85              		.size	AMux_Start, .-AMux_Start
  86              		.section	.text.AMux_Select,"ax",%progbits
  87              		.align	2
  88              		.global	AMux_Select
  89              		.thumb
  90              		.thumb_func
  91              		.type	AMux_Select, %function
  92              	AMux_Select:
  93              	.LFB1:
  52:Generated_Source\PSoC5/AMux.c **** 
  53:Generated_Source\PSoC5/AMux.c **** 
  54:Generated_Source\PSoC5/AMux.c **** #if (!AMux_ATMOSTONE)
  55:Generated_Source\PSoC5/AMux.c **** /*******************************************************************************
  56:Generated_Source\PSoC5/AMux.c **** * Function Name: AMux_Select
  57:Generated_Source\PSoC5/AMux.c **** ********************************************************************************
  58:Generated_Source\PSoC5/AMux.c **** * Summary:
  59:Generated_Source\PSoC5/AMux.c **** *  This functions first disconnects all channels then connects the given
  60:Generated_Source\PSoC5/AMux.c **** *  channel.
  61:Generated_Source\PSoC5/AMux.c **** *
  62:Generated_Source\PSoC5/AMux.c **** * Parameters:
  63:Generated_Source\PSoC5/AMux.c **** *  channel:  The channel to connect to the common terminal.
  64:Generated_Source\PSoC5/AMux.c **** *
  65:Generated_Source\PSoC5/AMux.c **** * Return:
  66:Generated_Source\PSoC5/AMux.c **** *  void
  67:Generated_Source\PSoC5/AMux.c **** *
  68:Generated_Source\PSoC5/AMux.c **** *******************************************************************************/
  69:Generated_Source\PSoC5/AMux.c **** void AMux_Select(uint8 channel) 
  70:Generated_Source\PSoC5/AMux.c **** {
  94              		.loc 1 70 0
  95              		.cfi_startproc
  96              		@ args = 0, pretend = 0, frame = 8
  97              		@ frame_needed = 1, uses_anonymous_args = 0
  98 0000 80B5     		push	{r7, lr}
  99              		.cfi_def_cfa_offset 8
ARM GAS  C:\Users\212596~1\AppData\Local\Temp\ccGF9ySd.s 			page 4


 100              		.cfi_offset 7, -8
 101              		.cfi_offset 14, -4
 102 0002 82B0     		sub	sp, sp, #8
 103              		.cfi_def_cfa_offset 16
 104 0004 00AF     		add	r7, sp, #0
 105              		.cfi_def_cfa_register 7
 106 0006 0346     		mov	r3, r0
 107 0008 FB71     		strb	r3, [r7, #7]
  71:Generated_Source\PSoC5/AMux.c ****     AMux_DisconnectAll();        /* Disconnect all previous connections */
 108              		.loc 1 71 0
 109 000a FFF7FEFF 		bl	AMux_Start
  72:Generated_Source\PSoC5/AMux.c ****     AMux_Connect(channel);       /* Make the given selection */
 110              		.loc 1 72 0
 111 000e FB79     		ldrb	r3, [r7, #7]	@ zero_extendqisi2
 112 0010 1846     		mov	r0, r3
 113 0012 FFF7FEFF 		bl	AMux_Connect
  73:Generated_Source\PSoC5/AMux.c ****     AMux_lastChannel = channel;  /* Update last channel */
 114              		.loc 1 73 0
 115 0016 034A     		ldr	r2, .L7
 116 0018 FB79     		ldrb	r3, [r7, #7]
 117 001a 1370     		strb	r3, [r2]
  74:Generated_Source\PSoC5/AMux.c **** }
 118              		.loc 1 74 0
 119 001c 00BF     		nop
 120 001e 0837     		adds	r7, r7, #8
 121              		.cfi_def_cfa_offset 8
 122 0020 BD46     		mov	sp, r7
 123              		.cfi_def_cfa_register 13
 124              		@ sp needed
 125 0022 80BD     		pop	{r7, pc}
 126              	.L8:
 127              		.align	2
 128              	.L7:
 129 0024 00000000 		.word	AMux_lastChannel
 130              		.cfi_endproc
 131              	.LFE1:
 132              		.size	AMux_Select, .-AMux_Select
 133              		.section	.text.AMux_FastSelect,"ax",%progbits
 134              		.align	2
 135              		.global	AMux_FastSelect
 136              		.thumb
 137              		.thumb_func
 138              		.type	AMux_FastSelect, %function
 139              	AMux_FastSelect:
 140              	.LFB2:
  75:Generated_Source\PSoC5/AMux.c **** #endif
  76:Generated_Source\PSoC5/AMux.c **** 
  77:Generated_Source\PSoC5/AMux.c **** 
  78:Generated_Source\PSoC5/AMux.c **** /*******************************************************************************
  79:Generated_Source\PSoC5/AMux.c **** * Function Name: AMux_FastSelect
  80:Generated_Source\PSoC5/AMux.c **** ********************************************************************************
  81:Generated_Source\PSoC5/AMux.c **** * Summary:
  82:Generated_Source\PSoC5/AMux.c **** *  This function first disconnects the last connection made with FastSelect or
  83:Generated_Source\PSoC5/AMux.c **** *  Select, then connects the given channel. The FastSelect function is similar
  84:Generated_Source\PSoC5/AMux.c **** *  to the Select function, except it is faster since it only disconnects the
  85:Generated_Source\PSoC5/AMux.c **** *  last channel selected rather than all channels.
  86:Generated_Source\PSoC5/AMux.c **** *
ARM GAS  C:\Users\212596~1\AppData\Local\Temp\ccGF9ySd.s 			page 5


  87:Generated_Source\PSoC5/AMux.c **** * Parameters:
  88:Generated_Source\PSoC5/AMux.c **** *  channel:  The channel to connect to the common terminal.
  89:Generated_Source\PSoC5/AMux.c **** *
  90:Generated_Source\PSoC5/AMux.c **** * Return:
  91:Generated_Source\PSoC5/AMux.c **** *  void
  92:Generated_Source\PSoC5/AMux.c **** *
  93:Generated_Source\PSoC5/AMux.c **** *******************************************************************************/
  94:Generated_Source\PSoC5/AMux.c **** void AMux_FastSelect(uint8 channel) 
  95:Generated_Source\PSoC5/AMux.c **** {
 141              		.loc 1 95 0
 142              		.cfi_startproc
 143              		@ args = 0, pretend = 0, frame = 8
 144              		@ frame_needed = 1, uses_anonymous_args = 0
 145 0000 80B5     		push	{r7, lr}
 146              		.cfi_def_cfa_offset 8
 147              		.cfi_offset 7, -8
 148              		.cfi_offset 14, -4
 149 0002 82B0     		sub	sp, sp, #8
 150              		.cfi_def_cfa_offset 16
 151 0004 00AF     		add	r7, sp, #0
 152              		.cfi_def_cfa_register 7
 153 0006 0346     		mov	r3, r0
 154 0008 FB71     		strb	r3, [r7, #7]
  96:Generated_Source\PSoC5/AMux.c ****     /* Disconnect the last valid channel */
  97:Generated_Source\PSoC5/AMux.c ****     if( AMux_lastChannel != AMux_NULL_CHANNEL)
 155              		.loc 1 97 0
 156 000a 0C4B     		ldr	r3, .L11
 157 000c 1B78     		ldrb	r3, [r3]	@ zero_extendqisi2
 158 000e FF2B     		cmp	r3, #255
 159 0010 04D0     		beq	.L10
  98:Generated_Source\PSoC5/AMux.c ****     {
  99:Generated_Source\PSoC5/AMux.c ****         AMux_Disconnect(AMux_lastChannel);
 160              		.loc 1 99 0
 161 0012 0A4B     		ldr	r3, .L11
 162 0014 1B78     		ldrb	r3, [r3]	@ zero_extendqisi2
 163 0016 1846     		mov	r0, r3
 164 0018 FFF7FEFF 		bl	AMux_Disconnect
 165              	.L10:
 100:Generated_Source\PSoC5/AMux.c ****     }
 101:Generated_Source\PSoC5/AMux.c **** 
 102:Generated_Source\PSoC5/AMux.c ****     /* Make the new channel connection */
 103:Generated_Source\PSoC5/AMux.c **** #if (AMux_MUXTYPE == AMux_MUX_SINGLE)
 104:Generated_Source\PSoC5/AMux.c ****     AMux_Set(channel);
 105:Generated_Source\PSoC5/AMux.c **** #else
 106:Generated_Source\PSoC5/AMux.c ****     AMux_CYAMUXSIDE_A_Set(channel);
 166              		.loc 1 106 0
 167 001c FB79     		ldrb	r3, [r7, #7]	@ zero_extendqisi2
 168 001e 1846     		mov	r0, r3
 169 0020 FFF7FEFF 		bl	AMux_CYAMUXSIDE_A_Set
 107:Generated_Source\PSoC5/AMux.c ****     AMux_CYAMUXSIDE_B_Set(channel);
 170              		.loc 1 107 0
 171 0024 FB79     		ldrb	r3, [r7, #7]	@ zero_extendqisi2
 172 0026 1846     		mov	r0, r3
 173 0028 FFF7FEFF 		bl	AMux_CYAMUXSIDE_B_Set
 108:Generated_Source\PSoC5/AMux.c **** #endif
 109:Generated_Source\PSoC5/AMux.c **** 
 110:Generated_Source\PSoC5/AMux.c **** 
ARM GAS  C:\Users\212596~1\AppData\Local\Temp\ccGF9ySd.s 			page 6


 111:Generated_Source\PSoC5/AMux.c ****     AMux_lastChannel = channel;   /* Update last channel */
 174              		.loc 1 111 0
 175 002c 034A     		ldr	r2, .L11
 176 002e FB79     		ldrb	r3, [r7, #7]
 177 0030 1370     		strb	r3, [r2]
 112:Generated_Source\PSoC5/AMux.c **** }
 178              		.loc 1 112 0
 179 0032 00BF     		nop
 180 0034 0837     		adds	r7, r7, #8
 181              		.cfi_def_cfa_offset 8
 182 0036 BD46     		mov	sp, r7
 183              		.cfi_def_cfa_register 13
 184              		@ sp needed
 185 0038 80BD     		pop	{r7, pc}
 186              	.L12:
 187 003a 00BF     		.align	2
 188              	.L11:
 189 003c 00000000 		.word	AMux_lastChannel
 190              		.cfi_endproc
 191              	.LFE2:
 192              		.size	AMux_FastSelect, .-AMux_FastSelect
 193              		.section	.text.AMux_Connect,"ax",%progbits
 194              		.align	2
 195              		.global	AMux_Connect
 196              		.thumb
 197              		.thumb_func
 198              		.type	AMux_Connect, %function
 199              	AMux_Connect:
 200              	.LFB3:
 113:Generated_Source\PSoC5/AMux.c **** 
 114:Generated_Source\PSoC5/AMux.c **** 
 115:Generated_Source\PSoC5/AMux.c **** #if (AMux_MUXTYPE == AMux_MUX_DIFF)
 116:Generated_Source\PSoC5/AMux.c **** #if (!AMux_ATMOSTONE)
 117:Generated_Source\PSoC5/AMux.c **** /*******************************************************************************
 118:Generated_Source\PSoC5/AMux.c **** * Function Name: AMux_Connect
 119:Generated_Source\PSoC5/AMux.c **** ********************************************************************************
 120:Generated_Source\PSoC5/AMux.c **** * Summary:
 121:Generated_Source\PSoC5/AMux.c **** *  This function connects the given channel without affecting other connections.
 122:Generated_Source\PSoC5/AMux.c **** *
 123:Generated_Source\PSoC5/AMux.c **** * Parameters:
 124:Generated_Source\PSoC5/AMux.c **** *  channel:  The channel to connect to the common terminal.
 125:Generated_Source\PSoC5/AMux.c **** *
 126:Generated_Source\PSoC5/AMux.c **** * Return:
 127:Generated_Source\PSoC5/AMux.c **** *  void
 128:Generated_Source\PSoC5/AMux.c **** *
 129:Generated_Source\PSoC5/AMux.c **** *******************************************************************************/
 130:Generated_Source\PSoC5/AMux.c **** void AMux_Connect(uint8 channel) 
 131:Generated_Source\PSoC5/AMux.c **** {
 201              		.loc 1 131 0
 202              		.cfi_startproc
 203              		@ args = 0, pretend = 0, frame = 8
 204              		@ frame_needed = 1, uses_anonymous_args = 0
 205 0000 80B5     		push	{r7, lr}
 206              		.cfi_def_cfa_offset 8
 207              		.cfi_offset 7, -8
 208              		.cfi_offset 14, -4
 209 0002 82B0     		sub	sp, sp, #8
ARM GAS  C:\Users\212596~1\AppData\Local\Temp\ccGF9ySd.s 			page 7


 210              		.cfi_def_cfa_offset 16
 211 0004 00AF     		add	r7, sp, #0
 212              		.cfi_def_cfa_register 7
 213 0006 0346     		mov	r3, r0
 214 0008 FB71     		strb	r3, [r7, #7]
 132:Generated_Source\PSoC5/AMux.c ****     AMux_CYAMUXSIDE_A_Set(channel);
 215              		.loc 1 132 0
 216 000a FB79     		ldrb	r3, [r7, #7]	@ zero_extendqisi2
 217 000c 1846     		mov	r0, r3
 218 000e FFF7FEFF 		bl	AMux_CYAMUXSIDE_A_Set
 133:Generated_Source\PSoC5/AMux.c ****     AMux_CYAMUXSIDE_B_Set(channel);
 219              		.loc 1 133 0
 220 0012 FB79     		ldrb	r3, [r7, #7]	@ zero_extendqisi2
 221 0014 1846     		mov	r0, r3
 222 0016 FFF7FEFF 		bl	AMux_CYAMUXSIDE_B_Set
 134:Generated_Source\PSoC5/AMux.c **** }
 223              		.loc 1 134 0
 224 001a 00BF     		nop
 225 001c 0837     		adds	r7, r7, #8
 226              		.cfi_def_cfa_offset 8
 227 001e BD46     		mov	sp, r7
 228              		.cfi_def_cfa_register 13
 229              		@ sp needed
 230 0020 80BD     		pop	{r7, pc}
 231              		.cfi_endproc
 232              	.LFE3:
 233              		.size	AMux_Connect, .-AMux_Connect
 234 0022 00BF     		.section	.text.AMux_Disconnect,"ax",%progbits
 235              		.align	2
 236              		.global	AMux_Disconnect
 237              		.thumb
 238              		.thumb_func
 239              		.type	AMux_Disconnect, %function
 240              	AMux_Disconnect:
 241              	.LFB4:
 135:Generated_Source\PSoC5/AMux.c **** #endif
 136:Generated_Source\PSoC5/AMux.c **** 
 137:Generated_Source\PSoC5/AMux.c **** /*******************************************************************************
 138:Generated_Source\PSoC5/AMux.c **** * Function Name: AMux_Disconnect
 139:Generated_Source\PSoC5/AMux.c **** ********************************************************************************
 140:Generated_Source\PSoC5/AMux.c **** * Summary:
 141:Generated_Source\PSoC5/AMux.c **** *  This function disconnects the given channel from the common or output
 142:Generated_Source\PSoC5/AMux.c **** *  terminal without affecting other connections.
 143:Generated_Source\PSoC5/AMux.c **** *
 144:Generated_Source\PSoC5/AMux.c **** * Parameters:
 145:Generated_Source\PSoC5/AMux.c **** *  channel:  The channel to disconnect from the common terminal.
 146:Generated_Source\PSoC5/AMux.c **** *
 147:Generated_Source\PSoC5/AMux.c **** * Return:
 148:Generated_Source\PSoC5/AMux.c **** *  void
 149:Generated_Source\PSoC5/AMux.c **** *
 150:Generated_Source\PSoC5/AMux.c **** *******************************************************************************/
 151:Generated_Source\PSoC5/AMux.c **** void AMux_Disconnect(uint8 channel) 
 152:Generated_Source\PSoC5/AMux.c **** {
 242              		.loc 1 152 0
 243              		.cfi_startproc
 244              		@ args = 0, pretend = 0, frame = 8
 245              		@ frame_needed = 1, uses_anonymous_args = 0
ARM GAS  C:\Users\212596~1\AppData\Local\Temp\ccGF9ySd.s 			page 8


 246 0000 80B5     		push	{r7, lr}
 247              		.cfi_def_cfa_offset 8
 248              		.cfi_offset 7, -8
 249              		.cfi_offset 14, -4
 250 0002 82B0     		sub	sp, sp, #8
 251              		.cfi_def_cfa_offset 16
 252 0004 00AF     		add	r7, sp, #0
 253              		.cfi_def_cfa_register 7
 254 0006 0346     		mov	r3, r0
 255 0008 FB71     		strb	r3, [r7, #7]
 153:Generated_Source\PSoC5/AMux.c ****     AMux_CYAMUXSIDE_A_Unset(channel);
 256              		.loc 1 153 0
 257 000a FB79     		ldrb	r3, [r7, #7]	@ zero_extendqisi2
 258 000c 1846     		mov	r0, r3
 259 000e FFF7FEFF 		bl	AMux_CYAMUXSIDE_A_Unset
 154:Generated_Source\PSoC5/AMux.c ****     AMux_CYAMUXSIDE_B_Unset(channel);
 260              		.loc 1 154 0
 261 0012 FB79     		ldrb	r3, [r7, #7]	@ zero_extendqisi2
 262 0014 1846     		mov	r0, r3
 263 0016 FFF7FEFF 		bl	AMux_CYAMUXSIDE_B_Unset
 155:Generated_Source\PSoC5/AMux.c **** }
 264              		.loc 1 155 0
 265 001a 00BF     		nop
 266 001c 0837     		adds	r7, r7, #8
 267              		.cfi_def_cfa_offset 8
 268 001e BD46     		mov	sp, r7
 269              		.cfi_def_cfa_register 13
 270              		@ sp needed
 271 0020 80BD     		pop	{r7, pc}
 272              		.cfi_endproc
 273              	.LFE4:
 274              		.size	AMux_Disconnect, .-AMux_Disconnect
 275 0022 00BF     		.text
 276              	.Letext0:
 277              		.file 2 "Generated_Source\\PSoC5\\cytypes.h"
 278              		.section	.debug_info,"",%progbits
 279              	.Ldebug_info0:
 280 0000 4E010000 		.4byte	0x14e
 281 0004 0400     		.2byte	0x4
 282 0006 00000000 		.4byte	.Ldebug_abbrev0
 283 000a 04       		.byte	0x4
 284 000b 01       		.uleb128 0x1
 285 000c 08000000 		.4byte	.LASF20
 286 0010 0C       		.byte	0xc
 287 0011 80010000 		.4byte	.LASF21
 288 0015 9C000000 		.4byte	.LASF22
 289 0019 00000000 		.4byte	.Ldebug_ranges0+0
 290 001d 00000000 		.4byte	0
 291 0021 00000000 		.4byte	.Ldebug_line0
 292 0025 02       		.uleb128 0x2
 293 0026 01       		.byte	0x1
 294 0027 06       		.byte	0x6
 295 0028 B4010000 		.4byte	.LASF0
 296 002c 02       		.uleb128 0x2
 297 002d 01       		.byte	0x1
 298 002e 08       		.byte	0x8
 299 002f D3000000 		.4byte	.LASF1
ARM GAS  C:\Users\212596~1\AppData\Local\Temp\ccGF9ySd.s 			page 9


 300 0033 02       		.uleb128 0x2
 301 0034 02       		.byte	0x2
 302 0035 05       		.byte	0x5
 303 0036 70010000 		.4byte	.LASF2
 304 003a 02       		.uleb128 0x2
 305 003b 02       		.byte	0x2
 306 003c 07       		.byte	0x7
 307 003d FE000000 		.4byte	.LASF3
 308 0041 02       		.uleb128 0x2
 309 0042 04       		.byte	0x4
 310 0043 05       		.byte	0x5
 311 0044 9E010000 		.4byte	.LASF4
 312 0048 02       		.uleb128 0x2
 313 0049 04       		.byte	0x4
 314 004a 07       		.byte	0x7
 315 004b EC000000 		.4byte	.LASF5
 316 004f 02       		.uleb128 0x2
 317 0050 08       		.byte	0x8
 318 0051 05       		.byte	0x5
 319 0052 5D010000 		.4byte	.LASF6
 320 0056 02       		.uleb128 0x2
 321 0057 08       		.byte	0x8
 322 0058 07       		.byte	0x7
 323 0059 31010000 		.4byte	.LASF7
 324 005d 03       		.uleb128 0x3
 325 005e 04       		.byte	0x4
 326 005f 05       		.byte	0x5
 327 0060 696E7400 		.ascii	"int\000"
 328 0064 02       		.uleb128 0x2
 329 0065 04       		.byte	0x4
 330 0066 07       		.byte	0x7
 331 0067 24010000 		.4byte	.LASF8
 332 006b 04       		.uleb128 0x4
 333 006c 7A010000 		.4byte	.LASF23
 334 0070 02       		.byte	0x2
 335 0071 9201     		.2byte	0x192
 336 0073 2C000000 		.4byte	0x2c
 337 0077 02       		.uleb128 0x2
 338 0078 04       		.byte	0x4
 339 0079 04       		.byte	0x4
 340 007a 96000000 		.4byte	.LASF9
 341 007e 02       		.uleb128 0x2
 342 007f 08       		.byte	0x8
 343 0080 04       		.byte	0x4
 344 0081 11010000 		.4byte	.LASF10
 345 0085 02       		.uleb128 0x2
 346 0086 01       		.byte	0x1
 347 0087 08       		.byte	0x8
 348 0088 6B010000 		.4byte	.LASF11
 349 008c 05       		.uleb128 0x5
 350 008d E1000000 		.4byte	.LASF12
 351 0091 01       		.byte	0x1
 352 0092 24       		.byte	0x24
 353 0093 00000000 		.4byte	.LFB0
 354 0097 3C000000 		.4byte	.LFE0-.LFB0
 355 009b 01       		.uleb128 0x1
 356 009c 9C       		.byte	0x9c
ARM GAS  C:\Users\212596~1\AppData\Local\Temp\ccGF9ySd.s 			page 10


 357 009d B0000000 		.4byte	0xb0
 358 00a1 06       		.uleb128 0x6
 359 00a2 58010000 		.4byte	.LASF18
 360 00a6 01       		.byte	0x1
 361 00a7 26       		.byte	0x26
 362 00a8 6B000000 		.4byte	0x6b
 363 00ac 02       		.uleb128 0x2
 364 00ad 91       		.byte	0x91
 365 00ae 77       		.sleb128 -9
 366 00af 00       		.byte	0
 367 00b0 05       		.uleb128 0x5
 368 00b1 18010000 		.4byte	.LASF13
 369 00b5 01       		.byte	0x1
 370 00b6 45       		.byte	0x45
 371 00b7 00000000 		.4byte	.LFB1
 372 00bb 28000000 		.4byte	.LFE1-.LFB1
 373 00bf 01       		.uleb128 0x1
 374 00c0 9C       		.byte	0x9c
 375 00c1 D4000000 		.4byte	0xd4
 376 00c5 07       		.uleb128 0x7
 377 00c6 00000000 		.4byte	.LASF15
 378 00ca 01       		.byte	0x1
 379 00cb 45       		.byte	0x45
 380 00cc 6B000000 		.4byte	0x6b
 381 00d0 02       		.uleb128 0x2
 382 00d1 91       		.byte	0x91
 383 00d2 77       		.sleb128 -9
 384 00d3 00       		.byte	0
 385 00d4 05       		.uleb128 0x5
 386 00d5 48010000 		.4byte	.LASF14
 387 00d9 01       		.byte	0x1
 388 00da 5E       		.byte	0x5e
 389 00db 00000000 		.4byte	.LFB2
 390 00df 40000000 		.4byte	.LFE2-.LFB2
 391 00e3 01       		.uleb128 0x1
 392 00e4 9C       		.byte	0x9c
 393 00e5 F8000000 		.4byte	0xf8
 394 00e9 07       		.uleb128 0x7
 395 00ea 00000000 		.4byte	.LASF15
 396 00ee 01       		.byte	0x1
 397 00ef 5E       		.byte	0x5e
 398 00f0 6B000000 		.4byte	0x6b
 399 00f4 02       		.uleb128 0x2
 400 00f5 91       		.byte	0x91
 401 00f6 77       		.sleb128 -9
 402 00f7 00       		.byte	0
 403 00f8 05       		.uleb128 0x5
 404 00f9 A7010000 		.4byte	.LASF16
 405 00fd 01       		.byte	0x1
 406 00fe 82       		.byte	0x82
 407 00ff 00000000 		.4byte	.LFB3
 408 0103 22000000 		.4byte	.LFE3-.LFB3
 409 0107 01       		.uleb128 0x1
 410 0108 9C       		.byte	0x9c
 411 0109 1C010000 		.4byte	0x11c
 412 010d 07       		.uleb128 0x7
 413 010e 00000000 		.4byte	.LASF15
ARM GAS  C:\Users\212596~1\AppData\Local\Temp\ccGF9ySd.s 			page 11


 414 0112 01       		.byte	0x1
 415 0113 82       		.byte	0x82
 416 0114 6B000000 		.4byte	0x6b
 417 0118 02       		.uleb128 0x2
 418 0119 91       		.byte	0x91
 419 011a 77       		.sleb128 -9
 420 011b 00       		.byte	0
 421 011c 05       		.uleb128 0x5
 422 011d D1010000 		.4byte	.LASF17
 423 0121 01       		.byte	0x1
 424 0122 97       		.byte	0x97
 425 0123 00000000 		.4byte	.LFB4
 426 0127 22000000 		.4byte	.LFE4-.LFB4
 427 012b 01       		.uleb128 0x1
 428 012c 9C       		.byte	0x9c
 429 012d 40010000 		.4byte	0x140
 430 0131 07       		.uleb128 0x7
 431 0132 00000000 		.4byte	.LASF15
 432 0136 01       		.byte	0x1
 433 0137 97       		.byte	0x97
 434 0138 6B000000 		.4byte	0x6b
 435 013c 02       		.uleb128 0x2
 436 013d 91       		.byte	0x91
 437 013e 77       		.sleb128 -9
 438 013f 00       		.byte	0
 439 0140 06       		.uleb128 0x6
 440 0141 C0010000 		.4byte	.LASF19
 441 0145 01       		.byte	0x1
 442 0146 14       		.byte	0x14
 443 0147 6B000000 		.4byte	0x6b
 444 014b 05       		.uleb128 0x5
 445 014c 03       		.byte	0x3
 446 014d 00000000 		.4byte	AMux_lastChannel
 447 0151 00       		.byte	0
 448              		.section	.debug_abbrev,"",%progbits
 449              	.Ldebug_abbrev0:
 450 0000 01       		.uleb128 0x1
 451 0001 11       		.uleb128 0x11
 452 0002 01       		.byte	0x1
 453 0003 25       		.uleb128 0x25
 454 0004 0E       		.uleb128 0xe
 455 0005 13       		.uleb128 0x13
 456 0006 0B       		.uleb128 0xb
 457 0007 03       		.uleb128 0x3
 458 0008 0E       		.uleb128 0xe
 459 0009 1B       		.uleb128 0x1b
 460 000a 0E       		.uleb128 0xe
 461 000b 55       		.uleb128 0x55
 462 000c 17       		.uleb128 0x17
 463 000d 11       		.uleb128 0x11
 464 000e 01       		.uleb128 0x1
 465 000f 10       		.uleb128 0x10
 466 0010 17       		.uleb128 0x17
 467 0011 00       		.byte	0
 468 0012 00       		.byte	0
 469 0013 02       		.uleb128 0x2
 470 0014 24       		.uleb128 0x24
ARM GAS  C:\Users\212596~1\AppData\Local\Temp\ccGF9ySd.s 			page 12


 471 0015 00       		.byte	0
 472 0016 0B       		.uleb128 0xb
 473 0017 0B       		.uleb128 0xb
 474 0018 3E       		.uleb128 0x3e
 475 0019 0B       		.uleb128 0xb
 476 001a 03       		.uleb128 0x3
 477 001b 0E       		.uleb128 0xe
 478 001c 00       		.byte	0
 479 001d 00       		.byte	0
 480 001e 03       		.uleb128 0x3
 481 001f 24       		.uleb128 0x24
 482 0020 00       		.byte	0
 483 0021 0B       		.uleb128 0xb
 484 0022 0B       		.uleb128 0xb
 485 0023 3E       		.uleb128 0x3e
 486 0024 0B       		.uleb128 0xb
 487 0025 03       		.uleb128 0x3
 488 0026 08       		.uleb128 0x8
 489 0027 00       		.byte	0
 490 0028 00       		.byte	0
 491 0029 04       		.uleb128 0x4
 492 002a 16       		.uleb128 0x16
 493 002b 00       		.byte	0
 494 002c 03       		.uleb128 0x3
 495 002d 0E       		.uleb128 0xe
 496 002e 3A       		.uleb128 0x3a
 497 002f 0B       		.uleb128 0xb
 498 0030 3B       		.uleb128 0x3b
 499 0031 05       		.uleb128 0x5
 500 0032 49       		.uleb128 0x49
 501 0033 13       		.uleb128 0x13
 502 0034 00       		.byte	0
 503 0035 00       		.byte	0
 504 0036 05       		.uleb128 0x5
 505 0037 2E       		.uleb128 0x2e
 506 0038 01       		.byte	0x1
 507 0039 3F       		.uleb128 0x3f
 508 003a 19       		.uleb128 0x19
 509 003b 03       		.uleb128 0x3
 510 003c 0E       		.uleb128 0xe
 511 003d 3A       		.uleb128 0x3a
 512 003e 0B       		.uleb128 0xb
 513 003f 3B       		.uleb128 0x3b
 514 0040 0B       		.uleb128 0xb
 515 0041 27       		.uleb128 0x27
 516 0042 19       		.uleb128 0x19
 517 0043 11       		.uleb128 0x11
 518 0044 01       		.uleb128 0x1
 519 0045 12       		.uleb128 0x12
 520 0046 06       		.uleb128 0x6
 521 0047 40       		.uleb128 0x40
 522 0048 18       		.uleb128 0x18
 523 0049 9642     		.uleb128 0x2116
 524 004b 19       		.uleb128 0x19
 525 004c 01       		.uleb128 0x1
 526 004d 13       		.uleb128 0x13
 527 004e 00       		.byte	0
ARM GAS  C:\Users\212596~1\AppData\Local\Temp\ccGF9ySd.s 			page 13


 528 004f 00       		.byte	0
 529 0050 06       		.uleb128 0x6
 530 0051 34       		.uleb128 0x34
 531 0052 00       		.byte	0
 532 0053 03       		.uleb128 0x3
 533 0054 0E       		.uleb128 0xe
 534 0055 3A       		.uleb128 0x3a
 535 0056 0B       		.uleb128 0xb
 536 0057 3B       		.uleb128 0x3b
 537 0058 0B       		.uleb128 0xb
 538 0059 49       		.uleb128 0x49
 539 005a 13       		.uleb128 0x13
 540 005b 02       		.uleb128 0x2
 541 005c 18       		.uleb128 0x18
 542 005d 00       		.byte	0
 543 005e 00       		.byte	0
 544 005f 07       		.uleb128 0x7
 545 0060 05       		.uleb128 0x5
 546 0061 00       		.byte	0
 547 0062 03       		.uleb128 0x3
 548 0063 0E       		.uleb128 0xe
 549 0064 3A       		.uleb128 0x3a
 550 0065 0B       		.uleb128 0xb
 551 0066 3B       		.uleb128 0x3b
 552 0067 0B       		.uleb128 0xb
 553 0068 49       		.uleb128 0x49
 554 0069 13       		.uleb128 0x13
 555 006a 02       		.uleb128 0x2
 556 006b 18       		.uleb128 0x18
 557 006c 00       		.byte	0
 558 006d 00       		.byte	0
 559 006e 00       		.byte	0
 560              		.section	.debug_aranges,"",%progbits
 561 0000 3C000000 		.4byte	0x3c
 562 0004 0200     		.2byte	0x2
 563 0006 00000000 		.4byte	.Ldebug_info0
 564 000a 04       		.byte	0x4
 565 000b 00       		.byte	0
 566 000c 0000     		.2byte	0
 567 000e 0000     		.2byte	0
 568 0010 00000000 		.4byte	.LFB0
 569 0014 3C000000 		.4byte	.LFE0-.LFB0
 570 0018 00000000 		.4byte	.LFB1
 571 001c 28000000 		.4byte	.LFE1-.LFB1
 572 0020 00000000 		.4byte	.LFB2
 573 0024 40000000 		.4byte	.LFE2-.LFB2
 574 0028 00000000 		.4byte	.LFB3
 575 002c 22000000 		.4byte	.LFE3-.LFB3
 576 0030 00000000 		.4byte	.LFB4
 577 0034 22000000 		.4byte	.LFE4-.LFB4
 578 0038 00000000 		.4byte	0
 579 003c 00000000 		.4byte	0
 580              		.section	.debug_ranges,"",%progbits
 581              	.Ldebug_ranges0:
 582 0000 00000000 		.4byte	.LFB0
 583 0004 3C000000 		.4byte	.LFE0
 584 0008 00000000 		.4byte	.LFB1
ARM GAS  C:\Users\212596~1\AppData\Local\Temp\ccGF9ySd.s 			page 14


 585 000c 28000000 		.4byte	.LFE1
 586 0010 00000000 		.4byte	.LFB2
 587 0014 40000000 		.4byte	.LFE2
 588 0018 00000000 		.4byte	.LFB3
 589 001c 22000000 		.4byte	.LFE3
 590 0020 00000000 		.4byte	.LFB4
 591 0024 22000000 		.4byte	.LFE4
 592 0028 00000000 		.4byte	0
 593 002c 00000000 		.4byte	0
 594              		.section	.debug_line,"",%progbits
 595              	.Ldebug_line0:
 596 0000 C3000000 		.section	.debug_str,"MS",%progbits,1
 596      02004100 
 596      00000201 
 596      FB0E0D00 
 596      01010101 
 597              	.LASF15:
 598 0000 6368616E 		.ascii	"channel\000"
 598      6E656C00 
 599              	.LASF20:
 600 0008 474E5520 		.ascii	"GNU C11 5.4.1 20160609 (release) [ARM/embedded-5-br"
 600      43313120 
 600      352E342E 
 600      31203230 
 600      31363036 
 601 003b 616E6368 		.ascii	"anch revision 237715] -mcpu=cortex-m3 -mthumb -g -O"
 601      20726576 
 601      6973696F 
 601      6E203233 
 601      37373135 
 602 006e 30202D66 		.ascii	"0 -ffunction-sections -ffat-lto-objects\000"
 602      66756E63 
 602      74696F6E 
 602      2D736563 
 602      74696F6E 
 603              	.LASF9:
 604 0096 666C6F61 		.ascii	"float\000"
 604      7400
 605              	.LASF22:
 606 009c 433A5C55 		.ascii	"C:\\Users\\212596486\\Documents\\PSoC Creator\\Temp"
 606      73657273 
 606      5C323132 
 606      35393634 
 606      38365C44 
 607 00ca 20322E63 		.ascii	" 2.cydsn\000"
 607      7964736E 
 607      00
 608              	.LASF1:
 609 00d3 756E7369 		.ascii	"unsigned char\000"
 609      676E6564 
 609      20636861 
 609      7200
 610              	.LASF12:
 611 00e1 414D7578 		.ascii	"AMux_Start\000"
 611      5F537461 
 611      727400
 612              	.LASF5:
ARM GAS  C:\Users\212596~1\AppData\Local\Temp\ccGF9ySd.s 			page 15


 613 00ec 6C6F6E67 		.ascii	"long unsigned int\000"
 613      20756E73 
 613      69676E65 
 613      6420696E 
 613      7400
 614              	.LASF3:
 615 00fe 73686F72 		.ascii	"short unsigned int\000"
 615      7420756E 
 615      7369676E 
 615      65642069 
 615      6E7400
 616              	.LASF10:
 617 0111 646F7562 		.ascii	"double\000"
 617      6C6500
 618              	.LASF13:
 619 0118 414D7578 		.ascii	"AMux_Select\000"
 619      5F53656C 
 619      65637400 
 620              	.LASF8:
 621 0124 756E7369 		.ascii	"unsigned int\000"
 621      676E6564 
 621      20696E74 
 621      00
 622              	.LASF7:
 623 0131 6C6F6E67 		.ascii	"long long unsigned int\000"
 623      206C6F6E 
 623      6720756E 
 623      7369676E 
 623      65642069 
 624              	.LASF14:
 625 0148 414D7578 		.ascii	"AMux_FastSelect\000"
 625      5F466173 
 625      7453656C 
 625      65637400 
 626              	.LASF18:
 627 0158 6368616E 		.ascii	"chan\000"
 627      00
 628              	.LASF6:
 629 015d 6C6F6E67 		.ascii	"long long int\000"
 629      206C6F6E 
 629      6720696E 
 629      7400
 630              	.LASF11:
 631 016b 63686172 		.ascii	"char\000"
 631      00
 632              	.LASF2:
 633 0170 73686F72 		.ascii	"short int\000"
 633      7420696E 
 633      7400
 634              	.LASF23:
 635 017a 75696E74 		.ascii	"uint8\000"
 635      3800
 636              	.LASF21:
 637 0180 47656E65 		.ascii	"Generated_Source\\PSoC5\\AMux.c\000"
 637      72617465 
 637      645F536F 
 637      75726365 
ARM GAS  C:\Users\212596~1\AppData\Local\Temp\ccGF9ySd.s 			page 16


 637      5C50536F 
 638              	.LASF4:
 639 019e 6C6F6E67 		.ascii	"long int\000"
 639      20696E74 
 639      00
 640              	.LASF16:
 641 01a7 414D7578 		.ascii	"AMux_Connect\000"
 641      5F436F6E 
 641      6E656374 
 641      00
 642              	.LASF0:
 643 01b4 7369676E 		.ascii	"signed char\000"
 643      65642063 
 643      68617200 
 644              	.LASF19:
 645 01c0 414D7578 		.ascii	"AMux_lastChannel\000"
 645      5F6C6173 
 645      74436861 
 645      6E6E656C 
 645      00
 646              	.LASF17:
 647 01d1 414D7578 		.ascii	"AMux_Disconnect\000"
 647      5F446973 
 647      636F6E6E 
 647      65637400 
 648              		.ident	"GCC: (GNU Tools for ARM Embedded Processors) 5.4.1 20160609 (release) [ARM/embedded-5-bran
