ARM GAS  C:\Users\212596~1\AppData\Local\Temp\cciab2Gp.s 			page 1


   1              		.syntax unified
   2              		.cpu cortex-m3
   3              		.fpu softvfp
   4              		.eabi_attribute 20, 1
   5              		.eabi_attribute 21, 1
   6              		.eabi_attribute 23, 3
   7              		.eabi_attribute 24, 1
   8              		.eabi_attribute 25, 1
   9              		.eabi_attribute 26, 1
  10              		.eabi_attribute 30, 6
  11              		.eabi_attribute 34, 1
  12              		.eabi_attribute 18, 4
  13              		.thumb
  14              		.syntax unified
  15              		.file	"cymetadata.c"
  16              		.text
  17              	.Ltext0:
  18              		.cfi_sections	.debug_frame
  19              		.global	cy_meta_configecc
  20              		.section	.cyconfigecc,"a",%progbits
  21              		.align	2
  22              		.type	cy_meta_configecc, %object
  23              		.size	cy_meta_configecc, 664
  24              	cy_meta_configecc:
  25 0000 01       		.byte	1
  26 0001 64       		.byte	100
  27 0002 00       		.byte	0
  28 0003 40       		.byte	64
  29 0004 01       		.byte	1
  30 0005 65       		.byte	101
  31 0006 00       		.byte	0
  32 0007 40       		.byte	64
  33 0008 01       		.byte	1
  34 0009 05       		.byte	5
  35 000a 01       		.byte	1
  36 000b 40       		.byte	64
  37 000c 03       		.byte	3
  38 000d 07       		.byte	7
  39 000e 01       		.byte	1
  40 000f 40       		.byte	64
  41 0010 02       		.byte	2
  42 0011 09       		.byte	9
  43 0012 01       		.byte	1
  44 0013 40       		.byte	64
  45 0014 37       		.byte	55
  46 0015 0A       		.byte	10
  47 0016 01       		.byte	1
  48 0017 40       		.byte	64
  49 0018 19       		.byte	25
  50 0019 0B       		.byte	11
  51 001a 01       		.byte	1
  52 001b 40       		.byte	64
  53 001c 04       		.byte	4
  54 001d 16       		.byte	22
  55 001e 01       		.byte	1
  56 001f 40       		.byte	64
  57 0020 02       		.byte	2
ARM GAS  C:\Users\212596~1\AppData\Local\Temp\cciab2Gp.s 			page 2


  58 0021 17       		.byte	23
  59 0022 01       		.byte	1
  60 0023 40       		.byte	64
  61 0024 5B       		.byte	91
  62 0025 1A       		.byte	26
  63 0026 01       		.byte	1
  64 0027 40       		.byte	64
  65 0028 31       		.byte	49
  66 0029 1B       		.byte	27
  67 002a 01       		.byte	1
  68 002b 40       		.byte	64
  69 002c 02       		.byte	2
  70 002d 40       		.byte	64
  71 002e 01       		.byte	1
  72 002f 40       		.byte	64
  73 0030 01       		.byte	1
  74 0031 41       		.byte	65
  75 0032 01       		.byte	1
  76 0033 40       		.byte	64
  77 0034 03       		.byte	3
  78 0035 42       		.byte	66
  79 0036 01       		.byte	1
  80 0037 40       		.byte	64
  81 0038 03       		.byte	3
  82 0039 43       		.byte	67
  83 003a 01       		.byte	1
  84 003b 40       		.byte	64
  85 003c 02       		.byte	2
  86 003d 44       		.byte	68
  87 003e 01       		.byte	1
  88 003f 40       		.byte	64
  89 0040 01       		.byte	1
  90 0041 45       		.byte	69
  91 0042 01       		.byte	1
  92 0043 40       		.byte	64
  93 0044 04       		.byte	4
  94 0045 46       		.byte	70
  95 0046 01       		.byte	1
  96 0047 40       		.byte	64
  97 0048 02       		.byte	2
  98 0049 47       		.byte	71
  99 004a 01       		.byte	1
 100 004b 40       		.byte	64
 101 004c 03       		.byte	3
 102 004d 48       		.byte	72
 103 004e 01       		.byte	1
 104 004f 40       		.byte	64
 105 0050 03       		.byte	3
 106 0051 4D       		.byte	77
 107 0052 01       		.byte	1
 108 0053 40       		.byte	64
 109 0054 06       		.byte	6
 110 0055 50       		.byte	80
 111 0056 01       		.byte	1
 112 0057 40       		.byte	64
 113 0058 01       		.byte	1
 114 0059 51       		.byte	81
ARM GAS  C:\Users\212596~1\AppData\Local\Temp\cciab2Gp.s 			page 3


 115 005a 01       		.byte	1
 116 005b 40       		.byte	64
 117 005c 8B       		.byte	-117
 118 005d 0D       		.byte	13
 119 005e 8A       		.byte	-118
 120 005f 0F       		.byte	15
 121 0060 E0       		.byte	-32
 122 0061 02       		.byte	2
 123 0062 85       		.byte	-123
 124 0063 40       		.byte	64
 125 0064 E4       		.byte	-28
 126 0065 08       		.byte	8
 127 0066 EE       		.byte	-18
 128 0067 08       		.byte	8
 129 0068 AE       		.byte	-82
 130 0069 04       		.byte	4
 131 006a E4       		.byte	-28
 132 006b 08       		.byte	8
 133 006c 13       		.byte	19
 134 006d 01       		.byte	1
 135 006e 2F       		.byte	47
 136 006f 01       		.byte	1
 137 0070 33       		.byte	51
 138 0071 01       		.byte	1
 139 0072 40       		.byte	64
 140 0073 54       		.byte	84
 141 0074 49       		.byte	73
 142 0075 FF       		.byte	-1
 143 0076 4A       		.byte	74
 144 0077 FF       		.byte	-1
 145 0078 4B       		.byte	75
 146 0079 FF       		.byte	-1
 147 007a 4F       		.byte	79
 148 007b 01       		.byte	1
 149 007c 50       		.byte	80
 150 007d 18       		.byte	24
 151 007e 52       		.byte	82
 152 007f 80       		.byte	-128
 153 0080 59       		.byte	89
 154 0081 04       		.byte	4
 155 0082 5A       		.byte	90
 156 0083 04       		.byte	4
 157 0084 5B       		.byte	91
 158 0085 04       		.byte	4
 159 0086 5C       		.byte	92
 160 0087 20       		.byte	32
 161 0088 5D       		.byte	93
 162 0089 22       		.byte	34
 163 008a 5F       		.byte	95
 164 008b 01       		.byte	1
 165 008c 60       		.byte	96
 166 008d 40       		.byte	64
 167 008e 62       		.byte	98
 168 008f 40       		.byte	64
 169 0090 64       		.byte	100
 170 0091 40       		.byte	64
 171 0092 65       		.byte	101
ARM GAS  C:\Users\212596~1\AppData\Local\Temp\cciab2Gp.s 			page 4


 172 0093 40       		.byte	64
 173 0094 66       		.byte	102
 174 0095 80       		.byte	-128
 175 0096 68       		.byte	104
 176 0097 80       		.byte	-128
 177 0098 6A       		.byte	106
 178 0099 80       		.byte	-128
 179 009a 6C       		.byte	108
 180 009b 80       		.byte	-128
 181 009c 6E       		.byte	110
 182 009d 80       		.byte	-128
 183 009e 82       		.byte	-126
 184 009f 01       		.byte	1
 185 00a0 92       		.byte	-110
 186 00a1 01       		.byte	1
 187 00a2 B0       		.byte	-80
 188 00a3 01       		.byte	1
 189 00a4 BE       		.byte	-66
 190 00a5 01       		.byte	1
 191 00a6 C0       		.byte	-64
 192 00a7 54       		.byte	84
 193 00a8 C5       		.byte	-59
 194 00a9 EC       		.byte	-20
 195 00aa C6       		.byte	-58
 196 00ab 02       		.byte	2
 197 00ac C8       		.byte	-56
 198 00ad 07       		.byte	7
 199 00ae C9       		.byte	-55
 200 00af FF       		.byte	-1
 201 00b0 CA       		.byte	-54
 202 00b1 FF       		.byte	-1
 203 00b2 CB       		.byte	-53
 204 00b3 FF       		.byte	-1
 205 00b4 CD       		.byte	-51
 206 00b5 83       		.byte	-125
 207 00b6 CE       		.byte	-50
 208 00b7 03       		.byte	3
 209 00b8 CF       		.byte	-49
 210 00b9 01       		.byte	1
 211 00ba D0       		.byte	-48
 212 00bb 18       		.byte	24
 213 00bc D4       		.byte	-44
 214 00bd 01       		.byte	1
 215 00be D8       		.byte	-40
 216 00bf 04       		.byte	4
 217 00c0 DA       		.byte	-38
 218 00c1 04       		.byte	4
 219 00c2 DB       		.byte	-37
 220 00c3 04       		.byte	4
 221 00c4 DD       		.byte	-35
 222 00c5 22       		.byte	34
 223 00c6 DF       		.byte	-33
 224 00c7 01       		.byte	1
 225 00c8 E0       		.byte	-32
 226 00c9 40       		.byte	64
 227 00ca E2       		.byte	-30
 228 00cb 40       		.byte	64
ARM GAS  C:\Users\212596~1\AppData\Local\Temp\cciab2Gp.s 			page 5


 229 00cc E4       		.byte	-28
 230 00cd 40       		.byte	64
 231 00ce E5       		.byte	-27
 232 00cf 40       		.byte	64
 233 00d0 E6       		.byte	-26
 234 00d1 80       		.byte	-128
 235 00d2 E8       		.byte	-24
 236 00d3 80       		.byte	-128
 237 00d4 EA       		.byte	-22
 238 00d5 80       		.byte	-128
 239 00d6 EC       		.byte	-20
 240 00d7 80       		.byte	-128
 241 00d8 EE       		.byte	-18
 242 00d9 80       		.byte	-128
 243 00da 06       		.byte	6
 244 00db 80       		.byte	-128
 245 00dc 0C       		.byte	12
 246 00dd 02       		.byte	2
 247 00de 1E       		.byte	30
 248 00df 80       		.byte	-128
 249 00e0 22       		.byte	34
 250 00e1 04       		.byte	4
 251 00e2 2A       		.byte	42
 252 00e3 80       		.byte	-128
 253 00e4 30       		.byte	48
 254 00e5 02       		.byte	2
 255 00e6 42       		.byte	66
 256 00e7 80       		.byte	-128
 257 00e8 46       		.byte	70
 258 00e9 80       		.byte	-128
 259 00ea 48       		.byte	72
 260 00eb 02       		.byte	2
 261 00ec 4C       		.byte	76
 262 00ed 02       		.byte	2
 263 00ee 4D       		.byte	77
 264 00ef 04       		.byte	4
 265 00f0 4F       		.byte	79
 266 00f1 01       		.byte	1
 267 00f2 56       		.byte	86
 268 00f3 80       		.byte	-128
 269 00f4 5D       		.byte	93
 270 00f5 04       		.byte	4
 271 00f6 5E       		.byte	94
 272 00f7 80       		.byte	-128
 273 00f8 5F       		.byte	95
 274 00f9 01       		.byte	1
 275 00fa 70       		.byte	112
 276 00fb 02       		.byte	2
 277 00fc C0       		.byte	-64
 278 00fd 10       		.byte	16
 279 00fe C2       		.byte	-62
 280 00ff 10       		.byte	16
 281 0100 CA       		.byte	-54
 282 0101 08       		.byte	8
 283 0102 CC       		.byte	-52
 284 0103 01       		.byte	1
 285 0104 D0       		.byte	-48
ARM GAS  C:\Users\212596~1\AppData\Local\Temp\cciab2Gp.s 			page 6


 286 0105 81       		.byte	-127
 287 0106 D2       		.byte	-46
 288 0107 18       		.byte	24
 289 0108 D6       		.byte	-42
 290 0109 D0       		.byte	-48
 291 010a E0       		.byte	-32
 292 010b 02       		.byte	2
 293 010c B8       		.byte	-72
 294 010d 80       		.byte	-128
 295 010e BE       		.byte	-66
 296 010f 40       		.byte	64
 297 0110 D8       		.byte	-40
 298 0111 04       		.byte	4
 299 0112 DF       		.byte	-33
 300 0113 01       		.byte	1
 301 0114 19       		.byte	25
 302 0115 40       		.byte	64
 303 0116 9D       		.byte	-99
 304 0117 40       		.byte	64
 305 0118 00       		.byte	0
 306 0119 20       		.byte	32
 307 011a 03       		.byte	3
 308 011b 28       		.byte	40
 309 011c 05       		.byte	5
 310 011d 03       		.byte	3
 311 011e 07       		.byte	7
 312 011f 44       		.byte	68
 313 0120 08       		.byte	8
 314 0121 10       		.byte	16
 315 0122 09       		.byte	9
 316 0123 43       		.byte	67
 317 0124 0A       		.byte	10
 318 0125 0C       		.byte	12
 319 0126 0B       		.byte	11
 320 0127 1C       		.byte	28
 321 0128 0C       		.byte	12
 322 0129 40       		.byte	64
 323 012a 0E       		.byte	14
 324 012b 03       		.byte	3
 325 012c 10       		.byte	16
 326 012d 10       		.byte	16
 327 012e 14       		.byte	20
 328 012f 14       		.byte	20
 329 0130 15       		.byte	21
 330 0131 2A       		.byte	42
 331 0132 17       		.byte	23
 332 0133 54       		.byte	84
 333 0134 19       		.byte	25
 334 0135 43       		.byte	67
 335 0136 1B       		.byte	27
 336 0137 34       		.byte	52
 337 0138 1C       		.byte	28
 338 0139 09       		.byte	9
 339 013a 1E       		.byte	30
 340 013b 10       		.byte	16
 341 013c 24       		.byte	36
 342 013d 0C       		.byte	12
ARM GAS  C:\Users\212596~1\AppData\Local\Temp\cciab2Gp.s 			page 7


 343 013e 26       		.byte	38
 344 013f 11       		.byte	17
 345 0140 28       		.byte	40
 346 0141 1C       		.byte	28
 347 0142 2A       		.byte	42
 348 0143 02       		.byte	2
 349 0144 2B       		.byte	43
 350 0145 55       		.byte	85
 351 0146 2F       		.byte	47
 352 0147 20       		.byte	32
 353 0148 30       		.byte	48
 354 0149 1F       		.byte	31
 355 014a 31       		.byte	49
 356 014b 40       		.byte	64
 357 014c 33       		.byte	51
 358 014d 0F       		.byte	15
 359 014e 34       		.byte	52
 360 014f 20       		.byte	32
 361 0150 35       		.byte	53
 362 0151 38       		.byte	56
 363 0152 36       		.byte	54
 364 0153 40       		.byte	64
 365 0154 3B       		.byte	59
 366 0155 28       		.byte	40
 367 0156 3E       		.byte	62
 368 0157 50       		.byte	80
 369 0158 3F       		.byte	63
 370 0159 01       		.byte	1
 371 015a 40       		.byte	64
 372 015b 63       		.byte	99
 373 015c 41       		.byte	65
 374 015d 02       		.byte	2
 375 015e 45       		.byte	69
 376 015f E0       		.byte	-32
 377 0160 46       		.byte	70
 378 0161 B0       		.byte	-80
 379 0162 47       		.byte	71
 380 0163 0C       		.byte	12
 381 0164 48       		.byte	72
 382 0165 1A       		.byte	26
 383 0166 49       		.byte	73
 384 0167 FF       		.byte	-1
 385 0168 4A       		.byte	74
 386 0169 FF       		.byte	-1
 387 016a 4B       		.byte	75
 388 016b FF       		.byte	-1
 389 016c 4E       		.byte	78
 390 016d F0       		.byte	-16
 391 016e 4F       		.byte	79
 392 016f 44       		.byte	68
 393 0170 50       		.byte	80
 394 0171 0C       		.byte	12
 395 0172 54       		.byte	84
 396 0173 01       		.byte	1
 397 0174 58       		.byte	88
 398 0175 04       		.byte	4
 399 0176 59       		.byte	89
ARM GAS  C:\Users\212596~1\AppData\Local\Temp\cciab2Gp.s 			page 8


 400 0177 04       		.byte	4
 401 0178 5A       		.byte	90
 402 0179 04       		.byte	4
 403 017a 5B       		.byte	91
 404 017b 04       		.byte	4
 405 017c 5C       		.byte	92
 406 017d 11       		.byte	17
 407 017e 5D       		.byte	93
 408 017f 11       		.byte	17
 409 0180 5F       		.byte	95
 410 0181 01       		.byte	1
 411 0182 66       		.byte	102
 412 0183 C0       		.byte	-64
 413 0184 6A       		.byte	106
 414 0185 40       		.byte	64
 415 0186 6B       		.byte	107
 416 0187 02       		.byte	2
 417 0188 83       		.byte	-125
 418 0189 08       		.byte	8
 419 018a 85       		.byte	-123
 420 018b 80       		.byte	-128
 421 018c 87       		.byte	-121
 422 018d 13       		.byte	19
 423 018e 89       		.byte	-119
 424 018f 71       		.byte	113
 425 0190 8B       		.byte	-117
 426 0191 06       		.byte	6
 427 0192 93       		.byte	-109
 428 0193 0C       		.byte	12
 429 0194 95       		.byte	-107
 430 0195 2C       		.byte	44
 431 0196 97       		.byte	-105
 432 0197 43       		.byte	67
 433 0198 99       		.byte	-103
 434 0199 71       		.byte	113
 435 019a 9B       		.byte	-101
 436 019b 0E       		.byte	14
 437 019c B1       		.byte	-79
 438 019d 30       		.byte	48
 439 019e B5       		.byte	-75
 440 019f 0F       		.byte	15
 441 01a0 B7       		.byte	-73
 442 01a1 C0       		.byte	-64
 443 01a2 B9       		.byte	-71
 444 01a3 82       		.byte	-126
 445 01a4 BB       		.byte	-69
 446 01a5 20       		.byte	32
 447 01a6 BF       		.byte	-65
 448 01a7 01       		.byte	1
 449 01a8 C0       		.byte	-64
 450 01a9 01       		.byte	1
 451 01aa C5       		.byte	-59
 452 01ab 40       		.byte	64
 453 01ac C9       		.byte	-55
 454 01ad FF       		.byte	-1
 455 01ae CA       		.byte	-54
 456 01af 07       		.byte	7
ARM GAS  C:\Users\212596~1\AppData\Local\Temp\cciab2Gp.s 			page 9


 457 01b0 CB       		.byte	-53
 458 01b1 FF       		.byte	-1
 459 01b2 CC       		.byte	-52
 460 01b3 40       		.byte	64
 461 01b4 CD       		.byte	-51
 462 01b5 20       		.byte	32
 463 01b6 CE       		.byte	-50
 464 01b7 F0       		.byte	-16
 465 01b8 CF       		.byte	-49
 466 01b9 05       		.byte	5
 467 01ba D0       		.byte	-48
 468 01bb 08       		.byte	8
 469 01bc D9       		.byte	-39
 470 01bd 04       		.byte	4
 471 01be DA       		.byte	-38
 472 01bf 04       		.byte	4
 473 01c0 DC       		.byte	-36
 474 01c1 10       		.byte	16
 475 01c2 DD       		.byte	-35
 476 01c3 01       		.byte	1
 477 01c4 DF       		.byte	-33
 478 01c5 01       		.byte	1
 479 01c6 E0       		.byte	-32
 480 01c7 40       		.byte	64
 481 01c8 E1       		.byte	-31
 482 01c9 A8       		.byte	-88
 483 01ca E2       		.byte	-30
 484 01cb 40       		.byte	64
 485 01cc E3       		.byte	-29
 486 01cd 20       		.byte	32
 487 01ce 00       		.byte	0
 488 01cf 50       		.byte	80
 489 01d0 01       		.byte	1
 490 01d1 02       		.byte	2
 491 01d2 09       		.byte	9
 492 01d3 40       		.byte	64
 493 01d4 0A       		.byte	10
 494 01d5 80       		.byte	-128
 495 01d6 0B       		.byte	11
 496 01d7 20       		.byte	32
 497 01d8 11       		.byte	17
 498 01d9 20       		.byte	32
 499 01da 12       		.byte	18
 500 01db 20       		.byte	32
 501 01dc 18       		.byte	24
 502 01dd 40       		.byte	64
 503 01de 1A       		.byte	26
 504 01df 06       		.byte	6
 505 01e0 20       		.byte	32
 506 01e1 14       		.byte	20
 507 01e2 22       		.byte	34
 508 01e3 20       		.byte	32
 509 01e4 23       		.byte	35
 510 01e5 90       		.byte	-112
 511 01e6 24       		.byte	36
 512 01e7 01       		.byte	1
 513 01e8 25       		.byte	37
ARM GAS  C:\Users\212596~1\AppData\Local\Temp\cciab2Gp.s 			page 10


 514 01e9 50       		.byte	80
 515 01ea 27       		.byte	39
 516 01eb 4E       		.byte	78
 517 01ec 2B       		.byte	43
 518 01ed 05       		.byte	5
 519 01ee 32       		.byte	50
 520 01ef 20       		.byte	32
 521 01f0 33       		.byte	51
 522 01f1 04       		.byte	4
 523 01f2 36       		.byte	54
 524 01f3 20       		.byte	32
 525 01f4 37       		.byte	55
 526 01f5 0A       		.byte	10
 527 01f6 38       		.byte	56
 528 01f7 09       		.byte	9
 529 01f8 3B       		.byte	59
 530 01f9 10       		.byte	16
 531 01fa 3F       		.byte	63
 532 01fb 1A       		.byte	26
 533 01fc 40       		.byte	64
 534 01fd 04       		.byte	4
 535 01fe 41       		.byte	65
 536 01ff 08       		.byte	8
 537 0200 47       		.byte	71
 538 0201 40       		.byte	64
 539 0202 49       		.byte	73
 540 0203 02       		.byte	2
 541 0204 4B       		.byte	75
 542 0205 10       		.byte	16
 543 0206 4E       		.byte	78
 544 0207 40       		.byte	64
 545 0208 4F       		.byte	79
 546 0209 0A       		.byte	10
 547 020a 50       		.byte	80
 548 020b 04       		.byte	4
 549 020c 53       		.byte	83
 550 020d 10       		.byte	16
 551 020e 55       		.byte	85
 552 020f 08       		.byte	8
 553 0210 59       		.byte	89
 554 0211 22       		.byte	34
 555 0212 5A       		.byte	90
 556 0213 04       		.byte	4
 557 0214 5B       		.byte	91
 558 0215 80       		.byte	-128
 559 0216 86       		.byte	-122
 560 0217 01       		.byte	1
 561 0218 8C       		.byte	-116
 562 0219 04       		.byte	4
 563 021a 8D       		.byte	-115
 564 021b 20       		.byte	32
 565 021c C0       		.byte	-64
 566 021d 0B       		.byte	11
 567 021e C2       		.byte	-62
 568 021f 0D       		.byte	13
 569 0220 C4       		.byte	-60
 570 0221 06       		.byte	6
ARM GAS  C:\Users\212596~1\AppData\Local\Temp\cciab2Gp.s 			page 11


 571 0222 CA       		.byte	-54
 572 0223 0C       		.byte	12
 573 0224 CC       		.byte	-52
 574 0225 E6       		.byte	-26
 575 0226 CE       		.byte	-50
 576 0227 E7       		.byte	-25
 577 0228 D0       		.byte	-48
 578 0229 16       		.byte	22
 579 022a D2       		.byte	-46
 580 022b 04       		.byte	4
 581 022c D6       		.byte	-42
 582 022d 0F       		.byte	15
 583 022e E4       		.byte	-28
 584 022f 02       		.byte	2
 585 0230 33       		.byte	51
 586 0231 20       		.byte	32
 587 0232 CC       		.byte	-52
 588 0233 10       		.byte	16
 589 0234 A7       		.byte	-89
 590 0235 20       		.byte	32
 591 0236 87       		.byte	-121
 592 0237 01       		.byte	1
 593 0238 A7       		.byte	-89
 594 0239 20       		.byte	32
 595 023a E0       		.byte	-32
 596 023b 40       		.byte	64
 597 023c 9F       		.byte	-97
 598 023d 01       		.byte	1
 599 023e AF       		.byte	-81
 600 023f 20       		.byte	32
 601 0240 EE       		.byte	-18
 602 0241 10       		.byte	16
 603 0242 7F       		.byte	127
 604 0243 04       		.byte	4
 605 0244 DE       		.byte	-34
 606 0245 01       		.byte	1
 607 0246 97       		.byte	-105
 608 0247 08       		.byte	8
 609 0248 45       		.byte	69
 610 0249 08       		.byte	8
 611 024a 85       		.byte	-123
 612 024b 08       		.byte	8
 613 024c 97       		.byte	-105
 614 024d 08       		.byte	8
 615 024e D0       		.byte	-48
 616 024f 01       		.byte	1
 617 0250 87       		.byte	-121
 618 0251 04       		.byte	4
 619 0252 97       		.byte	-105
 620 0253 08       		.byte	8
 621 0254 27       		.byte	39
 622 0255 01       		.byte	1
 623 0256 9F       		.byte	-97
 624 0257 01       		.byte	1
 625 0258 C8       		.byte	-56
 626 0259 20       		.byte	32
 627 025a 74       		.byte	116
ARM GAS  C:\Users\212596~1\AppData\Local\Temp\cciab2Gp.s 			page 12


 628 025b 04       		.byte	4
 629 025c 84       		.byte	-124
 630 025d 04       		.byte	4
 631 025e DE       		.byte	-34
 632 025f 04       		.byte	4
 633 0260 00       		.byte	0
 634 0261 04       		.byte	4
 635 0262 0C       		.byte	12
 636 0263 04       		.byte	4
 637 0264 10       		.byte	16
 638 0265 02       		.byte	2
 639 0266 11       		.byte	17
 640 0267 01       		.byte	1
 641 0268 1C       		.byte	28
 642 0269 02       		.byte	2
 643 026a 1D       		.byte	29
 644 026b 01       		.byte	1
 645 026c 00       		.byte	0
 646 026d 03       		.byte	3
 647 026e 00       		.byte	0
 648 026f 00       		.byte	0
 649 0270 80       		.byte	-128
 650 0271 80       		.byte	-128
 651 0272 00       		.byte	0
 652 0273 00       		.byte	0
 653 0274 40       		.byte	64
 654 0275 00       		.byte	0
 655 0276 00       		.byte	0
 656 0277 00       		.byte	0
 657 0278 80       		.byte	-128
 658 0279 00       		.byte	0
 659 027a 40       		.byte	64
 660 027b 80       		.byte	-128
 661 027c 80       		.byte	-128
 662 027d 00       		.byte	0
 663 027e 80       		.byte	-128
 664 027f 00       		.byte	0
 665 0280 00       		.byte	0
 666 0281 00       		.byte	0
 667 0282 00       		.byte	0
 668 0283 00       		.byte	0
 669 0284 00       		.byte	0
 670 0285 0B       		.byte	11
 671 0286 0B       		.byte	11
 672 0287 00       		.byte	0
 673 0288 00       		.byte	0
 674 0289 00       		.byte	0
 675 028a 00       		.byte	0
 676 028b 00       		.byte	0
 677 028c 00       		.byte	0
 678 028d 00       		.byte	0
 679 028e 00       		.byte	0
 680 028f 00       		.byte	0
 681 0290 00       		.byte	0
 682 0291 00       		.byte	0
 683 0292 70       		.byte	112
 684 0293 00       		.byte	0
ARM GAS  C:\Users\212596~1\AppData\Local\Temp\cciab2Gp.s 			page 13


 685 0294 10       		.byte	16
 686 0295 00       		.byte	0
 687 0296 18       		.byte	24
 688 0297 01       		.byte	1
 689              		.global	cy_meta_custnvl
 690              		.section	.cycustnvl,"a",%progbits
 691              		.align	2
 692              		.type	cy_meta_custnvl, %object
 693              		.size	cy_meta_custnvl, 4
 694              	cy_meta_custnvl:
 695 0000 00       		.byte	0
 696 0001 00       		.byte	0
 697 0002 40       		.byte	64
 698 0003 04       		.byte	4
 699              		.global	cy_meta_wonvl
 700              		.section	.cywolatch,"a",%progbits
 701              		.align	2
 702              		.type	cy_meta_wonvl, %object
 703              		.size	cy_meta_wonvl, 4
 704              	cy_meta_wonvl:
 705 0000 BC       		.byte	-68
 706 0001 90       		.byte	-112
 707 0002 AC       		.byte	-84
 708 0003 AF       		.byte	-81
 709              		.global	cy_meta_flashprotect
 710              		.section	.cyflashprotect,"a",%progbits
 711              		.align	2
 712              		.type	cy_meta_flashprotect, %object
 713              		.size	cy_meta_flashprotect, 256
 714              	cy_meta_flashprotect:
 715 0000 00000000 		.space	256
 715      00000000 
 715      00000000 
 715      00000000 
 715      00000000 
 716              		.global	cy_metadata
 717              		.section	.cymeta,"a",%progbits
 718              		.align	2
 719              		.type	cy_metadata, %object
 720              		.size	cy_metadata, 12
 721              	cy_metadata:
 722 0000 00       		.byte	0
 723 0001 01       		.byte	1
 724 0002 2E       		.byte	46
 725 0003 16       		.byte	22
 726 0004 10       		.byte	16
 727 0005 69       		.byte	105
 728 0006 00       		.byte	0
 729 0007 01       		.byte	1
 730 0008 00       		.byte	0
 731 0009 00       		.byte	0
 732 000a 00       		.byte	0
 733 000b 00       		.byte	0
 734              		.text
 735              	.Letext0:
 736              		.file 1 "c:\\program files (x86)\\cypress\\psoc creator\\4.1\\psoc creator\\import\\gnu\\arm\\5.4.
 737              		.file 2 "c:\\program files (x86)\\cypress\\psoc creator\\4.1\\psoc creator\\import\\gnu\\arm\\5.4.
ARM GAS  C:\Users\212596~1\AppData\Local\Temp\cciab2Gp.s 			page 14


 738              		.file 3 "Generated_Source\\PSoC5\\cymetadata.c"
 739              		.section	.debug_info,"",%progbits
 740              	.Ldebug_info0:
 741 0000 31010000 		.4byte	0x131
 742 0004 0400     		.2byte	0x4
 743 0006 00000000 		.4byte	.Ldebug_abbrev0
 744 000a 04       		.byte	0x4
 745 000b 01       		.uleb128 0x1
 746 000c 0A000000 		.4byte	.LASF17
 747 0010 0C       		.byte	0xc
 748 0011 B5010000 		.4byte	.LASF18
 749 0015 A4000000 		.4byte	.LASF19
 750 0019 00000000 		.4byte	.Ldebug_line0
 751 001d 02       		.uleb128 0x2
 752 001e 01       		.byte	0x1
 753 001f 06       		.byte	0x6
 754 0020 A9010000 		.4byte	.LASF0
 755 0024 03       		.uleb128 0x3
 756 0025 00000000 		.4byte	.LASF9
 757 0029 01       		.byte	0x1
 758 002a 1D       		.byte	0x1d
 759 002b 2F000000 		.4byte	0x2f
 760 002f 02       		.uleb128 0x2
 761 0030 01       		.byte	0x1
 762 0031 08       		.byte	0x8
 763 0032 DB000000 		.4byte	.LASF1
 764 0036 02       		.uleb128 0x2
 765 0037 02       		.byte	0x2
 766 0038 05       		.byte	0x5
 767 0039 96010000 		.4byte	.LASF2
 768 003d 02       		.uleb128 0x2
 769 003e 02       		.byte	0x2
 770 003f 07       		.byte	0x7
 771 0040 FB000000 		.4byte	.LASF3
 772 0044 02       		.uleb128 0x2
 773 0045 04       		.byte	0x4
 774 0046 05       		.byte	0x5
 775 0047 A0010000 		.4byte	.LASF4
 776 004b 02       		.uleb128 0x2
 777 004c 04       		.byte	0x4
 778 004d 07       		.byte	0x7
 779 004e E9000000 		.4byte	.LASF5
 780 0052 02       		.uleb128 0x2
 781 0053 08       		.byte	0x8
 782 0054 05       		.byte	0x5
 783 0055 88010000 		.4byte	.LASF6
 784 0059 02       		.uleb128 0x2
 785 005a 08       		.byte	0x8
 786 005b 07       		.byte	0x7
 787 005c 3D010000 		.4byte	.LASF7
 788 0060 04       		.uleb128 0x4
 789 0061 04       		.byte	0x4
 790 0062 05       		.byte	0x5
 791 0063 696E7400 		.ascii	"int\000"
 792 0067 02       		.uleb128 0x2
 793 0068 04       		.byte	0x4
 794 0069 07       		.byte	0x7
ARM GAS  C:\Users\212596~1\AppData\Local\Temp\cciab2Gp.s 			page 15


 795 006a 30010000 		.4byte	.LASF8
 796 006e 03       		.uleb128 0x3
 797 006f 54010000 		.4byte	.LASF10
 798 0073 02       		.byte	0x2
 799 0074 18       		.byte	0x18
 800 0075 24000000 		.4byte	0x24
 801 0079 05       		.uleb128 0x5
 802 007a 91000000 		.4byte	0x91
 803 007e 8A000000 		.4byte	0x8a
 804 0082 06       		.uleb128 0x6
 805 0083 8A000000 		.4byte	0x8a
 806 0087 9702     		.2byte	0x297
 807 0089 00       		.byte	0
 808 008a 02       		.uleb128 0x2
 809 008b 04       		.byte	0x4
 810 008c 07       		.byte	0x7
 811 008d 7F010000 		.4byte	.LASF11
 812 0091 07       		.uleb128 0x7
 813 0092 6E000000 		.4byte	0x6e
 814 0096 08       		.uleb128 0x8
 815 0097 1E010000 		.4byte	.LASF12
 816 009b 03       		.byte	0x3
 817 009c 1F       		.byte	0x1f
 818 009d A7000000 		.4byte	0xa7
 819 00a1 05       		.uleb128 0x5
 820 00a2 03       		.byte	0x3
 821 00a3 00000000 		.4byte	cy_meta_configecc
 822 00a7 07       		.uleb128 0x7
 823 00a8 79000000 		.4byte	0x79
 824 00ac 05       		.uleb128 0x5
 825 00ad 91000000 		.4byte	0x91
 826 00b1 BC000000 		.4byte	0xbc
 827 00b5 09       		.uleb128 0x9
 828 00b6 8A000000 		.4byte	0x8a
 829 00ba 03       		.byte	0x3
 830 00bb 00       		.byte	0
 831 00bc 08       		.uleb128 0x8
 832 00bd 0E010000 		.4byte	.LASF13
 833 00c1 03       		.byte	0x3
 834 00c2 7F       		.byte	0x7f
 835 00c3 CD000000 		.4byte	0xcd
 836 00c7 05       		.uleb128 0x5
 837 00c8 03       		.byte	0x3
 838 00c9 00000000 		.4byte	cy_meta_custnvl
 839 00cd 07       		.uleb128 0x7
 840 00ce AC000000 		.4byte	0xac
 841 00d2 08       		.uleb128 0x8
 842 00d3 71010000 		.4byte	.LASF14
 843 00d7 03       		.byte	0x3
 844 00d8 8D       		.byte	0x8d
 845 00d9 E3000000 		.4byte	0xe3
 846 00dd 05       		.uleb128 0x5
 847 00de 03       		.byte	0x3
 848 00df 00000000 		.4byte	cy_meta_wonvl
 849 00e3 07       		.uleb128 0x7
 850 00e4 AC000000 		.4byte	0xac
 851 00e8 05       		.uleb128 0x5
ARM GAS  C:\Users\212596~1\AppData\Local\Temp\cciab2Gp.s 			page 16


 852 00e9 91000000 		.4byte	0x91
 853 00ed F8000000 		.4byte	0xf8
 854 00f1 09       		.uleb128 0x9
 855 00f2 8A000000 		.4byte	0x8a
 856 00f6 FF       		.byte	0xff
 857 00f7 00       		.byte	0
 858 00f8 08       		.uleb128 0x8
 859 00f9 5C010000 		.4byte	.LASF15
 860 00fd 03       		.byte	0x3
 861 00fe 9B       		.byte	0x9b
 862 00ff 09010000 		.4byte	0x109
 863 0103 05       		.uleb128 0x5
 864 0104 03       		.byte	0x3
 865 0105 00000000 		.4byte	cy_meta_flashprotect
 866 0109 07       		.uleb128 0x7
 867 010a E8000000 		.4byte	0xe8
 868 010e 05       		.uleb128 0x5
 869 010f 91000000 		.4byte	0x91
 870 0113 1E010000 		.4byte	0x11e
 871 0117 09       		.uleb128 0x9
 872 0118 8A000000 		.4byte	0x8a
 873 011c 0B       		.byte	0xb
 874 011d 00       		.byte	0
 875 011e 08       		.uleb128 0x8
 876 011f 98000000 		.4byte	.LASF16
 877 0123 03       		.byte	0x3
 878 0124 C8       		.byte	0xc8
 879 0125 2F010000 		.4byte	0x12f
 880 0129 05       		.uleb128 0x5
 881 012a 03       		.byte	0x3
 882 012b 00000000 		.4byte	cy_metadata
 883 012f 07       		.uleb128 0x7
 884 0130 0E010000 		.4byte	0x10e
 885 0134 00       		.byte	0
 886              		.section	.debug_abbrev,"",%progbits
 887              	.Ldebug_abbrev0:
 888 0000 01       		.uleb128 0x1
 889 0001 11       		.uleb128 0x11
 890 0002 01       		.byte	0x1
 891 0003 25       		.uleb128 0x25
 892 0004 0E       		.uleb128 0xe
 893 0005 13       		.uleb128 0x13
 894 0006 0B       		.uleb128 0xb
 895 0007 03       		.uleb128 0x3
 896 0008 0E       		.uleb128 0xe
 897 0009 1B       		.uleb128 0x1b
 898 000a 0E       		.uleb128 0xe
 899 000b 10       		.uleb128 0x10
 900 000c 17       		.uleb128 0x17
 901 000d 00       		.byte	0
 902 000e 00       		.byte	0
 903 000f 02       		.uleb128 0x2
 904 0010 24       		.uleb128 0x24
 905 0011 00       		.byte	0
 906 0012 0B       		.uleb128 0xb
 907 0013 0B       		.uleb128 0xb
 908 0014 3E       		.uleb128 0x3e
ARM GAS  C:\Users\212596~1\AppData\Local\Temp\cciab2Gp.s 			page 17


 909 0015 0B       		.uleb128 0xb
 910 0016 03       		.uleb128 0x3
 911 0017 0E       		.uleb128 0xe
 912 0018 00       		.byte	0
 913 0019 00       		.byte	0
 914 001a 03       		.uleb128 0x3
 915 001b 16       		.uleb128 0x16
 916 001c 00       		.byte	0
 917 001d 03       		.uleb128 0x3
 918 001e 0E       		.uleb128 0xe
 919 001f 3A       		.uleb128 0x3a
 920 0020 0B       		.uleb128 0xb
 921 0021 3B       		.uleb128 0x3b
 922 0022 0B       		.uleb128 0xb
 923 0023 49       		.uleb128 0x49
 924 0024 13       		.uleb128 0x13
 925 0025 00       		.byte	0
 926 0026 00       		.byte	0
 927 0027 04       		.uleb128 0x4
 928 0028 24       		.uleb128 0x24
 929 0029 00       		.byte	0
 930 002a 0B       		.uleb128 0xb
 931 002b 0B       		.uleb128 0xb
 932 002c 3E       		.uleb128 0x3e
 933 002d 0B       		.uleb128 0xb
 934 002e 03       		.uleb128 0x3
 935 002f 08       		.uleb128 0x8
 936 0030 00       		.byte	0
 937 0031 00       		.byte	0
 938 0032 05       		.uleb128 0x5
 939 0033 01       		.uleb128 0x1
 940 0034 01       		.byte	0x1
 941 0035 49       		.uleb128 0x49
 942 0036 13       		.uleb128 0x13
 943 0037 01       		.uleb128 0x1
 944 0038 13       		.uleb128 0x13
 945 0039 00       		.byte	0
 946 003a 00       		.byte	0
 947 003b 06       		.uleb128 0x6
 948 003c 21       		.uleb128 0x21
 949 003d 00       		.byte	0
 950 003e 49       		.uleb128 0x49
 951 003f 13       		.uleb128 0x13
 952 0040 2F       		.uleb128 0x2f
 953 0041 05       		.uleb128 0x5
 954 0042 00       		.byte	0
 955 0043 00       		.byte	0
 956 0044 07       		.uleb128 0x7
 957 0045 26       		.uleb128 0x26
 958 0046 00       		.byte	0
 959 0047 49       		.uleb128 0x49
 960 0048 13       		.uleb128 0x13
 961 0049 00       		.byte	0
 962 004a 00       		.byte	0
 963 004b 08       		.uleb128 0x8
 964 004c 34       		.uleb128 0x34
 965 004d 00       		.byte	0
ARM GAS  C:\Users\212596~1\AppData\Local\Temp\cciab2Gp.s 			page 18


 966 004e 03       		.uleb128 0x3
 967 004f 0E       		.uleb128 0xe
 968 0050 3A       		.uleb128 0x3a
 969 0051 0B       		.uleb128 0xb
 970 0052 3B       		.uleb128 0x3b
 971 0053 0B       		.uleb128 0xb
 972 0054 49       		.uleb128 0x49
 973 0055 13       		.uleb128 0x13
 974 0056 3F       		.uleb128 0x3f
 975 0057 19       		.uleb128 0x19
 976 0058 02       		.uleb128 0x2
 977 0059 18       		.uleb128 0x18
 978 005a 00       		.byte	0
 979 005b 00       		.byte	0
 980 005c 09       		.uleb128 0x9
 981 005d 21       		.uleb128 0x21
 982 005e 00       		.byte	0
 983 005f 49       		.uleb128 0x49
 984 0060 13       		.uleb128 0x13
 985 0061 2F       		.uleb128 0x2f
 986 0062 0B       		.uleb128 0xb
 987 0063 00       		.byte	0
 988 0064 00       		.byte	0
 989 0065 00       		.byte	0
 990              		.section	.debug_aranges,"",%progbits
 991 0000 14000000 		.4byte	0x14
 992 0004 0200     		.2byte	0x2
 993 0006 00000000 		.4byte	.Ldebug_info0
 994 000a 04       		.byte	0x4
 995 000b 00       		.byte	0
 996 000c 0000     		.2byte	0
 997 000e 0000     		.2byte	0
 998 0010 00000000 		.4byte	0
 999 0014 00000000 		.4byte	0
 1000              		.section	.debug_line,"",%progbits
 1001              	.Ldebug_line0:
 1002 0000 3D010000 		.section	.debug_str,"MS",%progbits,1
 1002      02003701 
 1002      00000201 
 1002      FB0E0D00 
 1002      01010101 
 1003              	.LASF9:
 1004 0000 5F5F7569 		.ascii	"__uint8_t\000"
 1004      6E74385F 
 1004      7400
 1005              	.LASF17:
 1006 000a 474E5520 		.ascii	"GNU C11 5.4.1 20160609 (release) [ARM/embedded-5-br"
 1006      43313120 
 1006      352E342E 
 1006      31203230 
 1006      31363036 
 1007 003d 616E6368 		.ascii	"anch revision 237715] -mcpu=cortex-m3 -mthumb -g -O"
 1007      20726576 
 1007      6973696F 
 1007      6E203233 
 1007      37373135 
 1008 0070 30202D66 		.ascii	"0 -ffunction-sections -ffat-lto-objects\000"
ARM GAS  C:\Users\212596~1\AppData\Local\Temp\cciab2Gp.s 			page 19


 1008      66756E63 
 1008      74696F6E 
 1008      2D736563 
 1008      74696F6E 
 1009              	.LASF16:
 1010 0098 63795F6D 		.ascii	"cy_metadata\000"
 1010      65746164 
 1010      61746100 
 1011              	.LASF19:
 1012 00a4 433A5C55 		.ascii	"C:\\Users\\212596486\\Documents\\PSoC Creator\\Temp"
 1012      73657273 
 1012      5C323132 
 1012      35393634 
 1012      38365C44 
 1013 00d2 20322E63 		.ascii	" 2.cydsn\000"
 1013      7964736E 
 1013      00
 1014              	.LASF1:
 1015 00db 756E7369 		.ascii	"unsigned char\000"
 1015      676E6564 
 1015      20636861 
 1015      7200
 1016              	.LASF5:
 1017 00e9 6C6F6E67 		.ascii	"long unsigned int\000"
 1017      20756E73 
 1017      69676E65 
 1017      6420696E 
 1017      7400
 1018              	.LASF3:
 1019 00fb 73686F72 		.ascii	"short unsigned int\000"
 1019      7420756E 
 1019      7369676E 
 1019      65642069 
 1019      6E7400
 1020              	.LASF13:
 1021 010e 63795F6D 		.ascii	"cy_meta_custnvl\000"
 1021      6574615F 
 1021      63757374 
 1021      6E766C00 
 1022              	.LASF12:
 1023 011e 63795F6D 		.ascii	"cy_meta_configecc\000"
 1023      6574615F 
 1023      636F6E66 
 1023      69676563 
 1023      6300
 1024              	.LASF8:
 1025 0130 756E7369 		.ascii	"unsigned int\000"
 1025      676E6564 
 1025      20696E74 
 1025      00
 1026              	.LASF7:
 1027 013d 6C6F6E67 		.ascii	"long long unsigned int\000"
 1027      206C6F6E 
 1027      6720756E 
 1027      7369676E 
 1027      65642069 
 1028              	.LASF10:
ARM GAS  C:\Users\212596~1\AppData\Local\Temp\cciab2Gp.s 			page 20


 1029 0154 75696E74 		.ascii	"uint8_t\000"
 1029      385F7400 
 1030              	.LASF15:
 1031 015c 63795F6D 		.ascii	"cy_meta_flashprotect\000"
 1031      6574615F 
 1031      666C6173 
 1031      6870726F 
 1031      74656374 
 1032              	.LASF14:
 1033 0171 63795F6D 		.ascii	"cy_meta_wonvl\000"
 1033      6574615F 
 1033      776F6E76 
 1033      6C00
 1034              	.LASF11:
 1035 017f 73697A65 		.ascii	"sizetype\000"
 1035      74797065 
 1035      00
 1036              	.LASF6:
 1037 0188 6C6F6E67 		.ascii	"long long int\000"
 1037      206C6F6E 
 1037      6720696E 
 1037      7400
 1038              	.LASF2:
 1039 0196 73686F72 		.ascii	"short int\000"
 1039      7420696E 
 1039      7400
 1040              	.LASF4:
 1041 01a0 6C6F6E67 		.ascii	"long int\000"
 1041      20696E74 
 1041      00
 1042              	.LASF0:
 1043 01a9 7369676E 		.ascii	"signed char\000"
 1043      65642063 
 1043      68617200 
 1044              	.LASF18:
 1045 01b5 47656E65 		.ascii	"Generated_Source\\PSoC5\\cymetadata.c\000"
 1045      72617465 
 1045      645F536F 
 1045      75726365 
 1045      5C50536F 
 1046              		.ident	"GCC: (GNU Tools for ARM Embedded Processors) 5.4.1 20160609 (release) [ARM/embedded-5-bran
